Format Version: 1

FileName: HimalayaEvents_12345678_20130106

TimeStamp: 2013-01-06 11:22:40.147

OperatingMode: production

Serial Number: 12345678

2013-01-06 11:22:40.153;33817090;Error;No of program in Program sequece list does not match with program list;true;

2013-01-06 11:22:40.153;33817091;Error;"Program ID exists in the Program sequence list;true;U33;

2013-01-06 11:22:40.153;33619987;Error;Group verification is failed;false;

2013-01-06 11:22:40.153;33817092;Error;"Reagent ID exist in User settings;true;;

2013-01-06 11:22:40.153;33817092;Error;"Reagent ID exist in User settings;true;;

2013-01-06 11:22:40.153;33817092;Error;"Reagent ID exist in User settings;true;;

2013-01-06 11:22:40.153;33817092;Error;"Reagent ID exist in User settings;true;;

2013-01-06 11:22:40.153;33817092;Error;"Reagent ID exist in User settings;true;;

2013-01-06 11:22:40.153;33619987;Error;Group verification is failed;false;

2013-01-06 11:22:40.154;33619971;Info;Stainer started (serial number is 12345678 and type is ST 8200);true;12345678;ST 8200;

2013-01-06 11:25:45.869;33817090;Error;No of program in Program sequece list does not match with program list;true;

2013-01-06 11:25:45.869;33817091;Error;"Program ID exists in the Program sequence list;true;U33;

2013-01-06 11:25:45.869;33619987;Error;Group verification is failed;false;

2013-01-06 11:25:45.869;33817092;Error;"Reagent ID exist in User settings;true;;

2013-01-06 11:25:45.869;33817092;Error;"Reagent ID exist in User settings;true;;

2013-01-06 11:25:45.869;33817092;Error;"Reagent ID exist in User settings;true;;

2013-01-06 11:25:45.869;33817092;Error;"Reagent ID exist in User settings;true;;

2013-01-06 11:25:45.869;33817092;Error;"Reagent ID exist in User settings;true;;

2013-01-06 11:25:45.869;33619987;Error;Group verification is failed;false;

2013-01-06 11:25:45.870;33619971;Info;Stainer started (serial number is 12345678 and type is ST 8200);true;12345678;ST 8200;

2013-01-06 11:33:03.002;33817090;Error;No of program in Program sequece list does not match with program list;true;

2013-01-06 11:33:03.002;33817091;Error;"Program ID exists in the Program sequence list;true;U33;

2013-01-06 11:33:03.002;33619987;Error;Group verification is failed;false;

2013-01-06 11:33:03.003;33817092;Error;"Reagent ID exist in User settings;true;;

2013-01-06 11:33:03.003;33817092;Error;"Reagent ID exist in User settings;true;;

2013-01-06 11:33:03.003;33817092;Error;"Reagent ID exist in User settings;true;;

2013-01-06 11:33:03.003;33817092;Error;"Reagent ID exist in User settings;true;;

2013-01-06 11:33:03.003;33817092;Error;"Reagent ID exist in User settings;true;;

2013-01-06 11:33:03.003;33619987;Error;Group verification is failed;false;

2013-01-06 11:33:03.004;33619971;Info;Stainer started (serial number is 12345678 and type is ST 8200);true;12345678;ST 8200;

2013-01-06 11:33:03.110;33619975;Error;Resolved:Stainer GUI process has stopped;true;

2013-01-06 11:33:03.110;33619979;Info;Stainer GUI Connected;true;

2013-01-06 11:33:03.110;17039363;Undefined Type;;false;

2013-01-06 11:33:03.111;16908297;Error;Unsupported command NetCommands::CmdEventReport;false;NetCommands::CmdEventReport;../Source/MasterThreadController.cpp;;

2013-01-06 11:33:03.111;16908297;Error;Unsupported command NetCommands::CmdEventReport;false;NetCommands::CmdEventReport;../Source/MasterThreadController.cpp;;

2013-01-06 11:33:03.112;17498121;Error; (1 Global::AckOKNOK ../../../../../../Platform/Master/Components/ExternalProcessController/Include/ExternalProcessController.h  );false;1;Global::AckOKNOK;../../../../../../Platform/Master/Components/ExternalProcessController/Include/ExternalProcessController.h;;

2013-01-06 11:33:03.186;16908298;Error;Unsupported acknowledgement Global::AckOKNOK;false;Global::AckOKNOK;../Source/BaseThreadController.cpp;;

2013-01-06 11:33:03.188;16908298;Error;Unsupported acknowledgement Global::AckOKNOK;false;Global::AckOKNOK;../Source/BaseThreadController.cpp;;

2013-01-06 11:33:03.195;16908298;Error;Unsupported acknowledgement Global::AckOKNOK;false;Global::AckOKNOK;../Source/BaseThreadController.cpp;;

2013-01-06 11:33:03.254;16908298;Error;Unsupported acknowledgement Global::AckOKNOK;false;Global::AckOKNOK;../Source/BaseThreadController.cpp;;

2013-01-06 11:33:03.256;16908298;Error;Unsupported acknowledgement Global::AckOKNOK;false;Global::AckOKNOK;../Source/BaseThreadController.cpp;;

2013-01-06 11:33:03.287;16908298;Error;Unsupported acknowledgement Global::AckOKNOK;false;Global::AckOKNOK;../Source/BaseThreadController.cpp;;

2013-01-06 11:33:03.318;16908298;Error;Unsupported acknowledgement Global::AckOKNOK;false;Global::AckOKNOK;../Source/BaseThreadController.cpp;;

2013-01-06 11:33:03.318;16908298;Error;Unsupported acknowledgement Global::AckOKNOK;false;Global::AckOKNOK;../Source/BaseThreadController.cpp;;

2013-01-06 11:33:03.319;16908298;Error;Unsupported acknowledgement Global::AckOKNOK;false;Global::AckOKNOK;../Source/BaseThreadController.cpp;;

2013-01-06 11:33:03.353;16908298;Error;Unsupported acknowledgement Global::AckOKNOK;false;Global::AckOKNOK;../Source/BaseThreadController.cpp;;

2013-01-06 11:33:03.359;16908296;Error;Unknown command reference 0;false;0;

2013-01-06 11:33:03.392;16908298;Error;Unsupported acknowledgement Global::AckOKNOK;false;Global::AckOKNOK;../Source/BaseThreadController.cpp;;

